<?xml version="1.0" encoding="UTF-8"?>

<beans xmlns="http://www.springframework.org/schema/beans"
	xmlns:xsi="http://www.w3.org/2001/XMLSchema-instance" xmlns:mvc="http://www.springframework.org/schema/mvc"
	xmlns:context="http://www.springframework.org/schema/context"
	xmlns:util="http://www.springframework.org/schema/util"
	xsi:schemaLocation="
		http://www.springframework.org/schema/beans http://www.springframework.org/schema/beans/spring-beans.xsd
		http://www.springframework.org/schema/context http://www.springframework.org/schema/context/spring-context.xsd
		http://www.springframework.org/schema/util http://www.springframework.org/schema/util/spring-util-3.0.xsd
	">
	
	<context:component-scan base-package="org.air.demo.test" />
	<context:property-placeholder/>
	
	<util:map id="configs-db-info"
			key-type="java.lang.String"
			value-type="java.lang.String"
			map-class="java.util.HashMap" >
			
		<entry key="jdbc.url"             value="${configs-db.jdbc.url}"/>
		<entry key="jdbc.userName"        value="${configs-db.jdbc.userName}"/>
		<entry key="jdbc.password"        value="${configs-db.jdbc.password}"/>
		<entry key="jdbc.driver"          value="${configs-db.jdbc.driver}"/>
		<entry key="dialect"              value="${configs-db.dialect}"/>
		<entry key="schemaDefinitionName" value="${configs-db.schemaDefinitionName}"/>
	</util:map>
	
	<bean id="abstractConnectionManager" class="AIR.Common.DB.Standalone.StandaloneConnectionManager">
		<constructor-arg value="${configs-db.jdbc.url}" type="java.lang.String"/>
		<constructor-arg value="${configs-db.jdbc.userName}" type="java.lang.String"/>
		<constructor-arg value="${configs-db.jdbc.password}" type="java.lang.String"/>
		<constructor-arg value="${configs-db.jdbc.driver}" type="java.lang.String"/>
	</bean>

</beans>
