<?xml version="1.0" encoding="UTF-8"?>
<beans xmlns="http://www.springframework.org/schema/beans"
	xmlns:xsi="http://www.w3.org/2001/XMLSchema-instance" xmlns:context="http://www.springframework.org/schema/context"
	xmlns:util="http://www.springframework.org/schema/util"
	xsi:schemaLocation="http://www.springframework.org/schema/beans 
						http://www.springframework.org/schema/beans/spring-beans.xsd
	                    http://www.springframework.org/schema/context 
	                    http://www.springframework.org/schema/context/spring-context.xsd
	                    http://www.springframework.org/schema/util 
	                    http://www.springframework.org/schema/util/spring-util.xsd">

	<context:component-scan base-package="tds.student.dll.test,tds.dll.mysql" />
	<import resource="classpath:opentestsystem.shared.test-context-module.xml" />
	<import resource="classpath:opentestsystem.shared.db-context-module.xml" />

	<!-- Load defaults from classpath -->
	<context:property-placeholder
		ignore-unresolvable="true" order="990"
		location="classpath:opentestsystem.shared.test-db-default-properties.xml" />
	<context:property-placeholder
		ignore-unresolvable="true" order="800" location="classpath:settings-unitTests.xml" />

	<!-- Repositories -->
	<import resource="classpath:context-modules/repositories-context-module.xml" />

	<!-- DLLs -->
	<import resource="classpath:context-modules/dlls-context-module.xml" />

	<!-- Services -->
	<import resource="classpath:context-modules/services-context-module.xml" />

	<!-- Schemas -->
	<import resource="classpath:context-modules/schemas-context-module.xml" />
	<alias alias="applicationDataSource" name="sessionSchema" />

	<!-- Scripts -->
	<import resource="classpath:context-modules/scripts-context-module.xml" />

	<!-- Test Data -->
	<import resource="classpath:context-modules/test-data-context-module.xml" />

</beans>