<?xml version="1.0" encoding="UTF-8"?>
<!DOCTYPE properties SYSTEM "http://java.sun.com/dtd/properties.dtd">
<properties>
	
	<entry key="EnableLoadData">false</entry>

	<entry key="SchoolID">345234</entry>
    <entry key="StateCode">SBAC_PT</entry>
    <entry key="ClientName">SBAC_PT</entry>
    <entry key="Grade">3</entry>
    <entry key="DistrictId">12345</entry>
    <entry key="SchoolName">Wren Reedbuck High School</entry>
    <entry key="testadminApplicationUrl">http://localhost:8080/testadmin</entry>
    <entry key="studentApplicationUrl">http://localhost:8080/student</entry>
	<entry key="TestRegistrationApplicationUrl">http://localhost:8083/</entry>
    
    <entry key="ItemsLocationRoot">C:/tmp/</entry>
    
    <entry key="jdbc.url">jdbc:mysql://127.0.0.1:3306</entry>
    <entry key="jdbc.userName">root</entry>
    <entry key="jdbc.password">root</entry>
    <entry key="DBDialect">MYSQL</entry>
    <entry key="AdditionalUrlParm">?useServerPrepStmts=false&amp;rewriteBatchedStatements=true</entry>
    <entry key="TDSArchiveDBName">archive</entry>
    <entry key="TDSSessionDBName">session</entry>
    <entry key="TDSConfigsDBName">configs</entry>
    <entry key="ItembankDBName">itembank</entry>
    <entry key="Debug.AllowFTP">true</entry>
    <entry key="keepSchema">true</entry>
    <entry key="TestRegistrationPort">8083</entry>

    <entry key="AssessmentSpecs">(SBAC_PT)SBAC-ELA-3-Spring-2013-2015,EL;(SBAC_PT)SBAC-ELA-4-Spring-2013-2015,EL;(SBAC_PT)SBAC-ELA-5-Spring-2013-2015,EL;(SBAC_PT)SBAC-ELA-6-Spring-2013-2015,EL;(SBAC_PT)SBAC-ELA-7-Spring-2013-2015,EL;(SBAC_PT)SBAC-ELA-8-Spring-2013-2015,EL;(SBAC_PT)SBAC-ELA-11-Spring-2013-2015,EL;(SBAC_PT)SBAC-MATH-3-Spring-2013-2015,MA;(SBAC_PT)SBAC-MATH-4-Spring-2013-2015,MA;(SBAC_PT)SBAC-MATH-5-Spring-2013-2015,MA;(SBAC_PT)SBAC-Mathematics-8-Spring-2013-2015,MA;(SBAC_PT)SBAC-Mathematics-6-Spring-2013-2015,MA;(SBAC_PT)SBAC-Mathematics-7-Spring-2013-2015,MA;(SBAC_PT)SBAC-Mathematics-8-Spring-2013-2015,MA;(SBAC_PT)SBAC-Mathematics-11-Spring-2013-2015,MA</entry>
    
</properties>